<?xml version="1.0" encoding="UTF-8"?>
<!-- Generated by org.testng.reporters.JUnitXMLReporter -->
<testsuite ignored="0" hostname="LaptopThu" failures="0" tests="4" name="Default test" time="19.382" errors="0" timestamp="17 Apr 2022 14:44:12 GMT">
  <testcase classname="webdriver.Topic_05_WebBrowser_Excercise" name="TC_01_Url" time="5.496"/>
  <testcase classname="webdriver.Topic_05_WebBrowser_Excercise" name="TC_02_ValidatePageTitle" time="2.508"/>
  <testcase classname="webdriver.Topic_05_WebBrowser_Excercise" name="TC_03_Navigation" time="4.276"/>
  <testcase classname="webdriver.Topic_05_WebBrowser_Excercise" name="TC_04_Source" time="2.992"/>
</testsuite> <!-- Default test -->
