<?xml version="1.0" encoding="UTF-8"?>
<testng-results ignored="0" total="1" passed="0" failed="1" skipped="0">
  <reporter-output>
  </reporter-output>
  <suite started-at="2022-06-11T09:21:18Z" name="Default suite" finished-at="2022-06-11T09:21:23Z" duration-ms="4575">
    <groups>
    </groups>
    <test started-at="2022-06-11T09:21:18Z" name="Default test" finished-at="2022-06-11T09:21:23Z" duration-ms="4575">
      <class name="webdriver.Topic_20_Wait_Page_Ready">
        <test-method is-config="true" signature="beforeClass()[pri:0, instance:webdriver.Topic_20_Wait_Page_Ready@4b168fa9]" started-at="2022-06-11T09:21:18Z" name="beforeClass" finished-at="2022-06-11T09:21:20Z" duration-ms="1385" status="PASS">
          <reporter-output>
          </reporter-output>
        </test-method> <!-- beforeClass -->
        <test-method signature="TC_02_Blog_Page_Ready()[pri:0, instance:webdriver.Topic_20_Wait_Page_Ready@4b168fa9]" started-at="2022-06-11T09:21:20Z" name="TC_02_Blog_Page_Ready" finished-at="2022-06-11T09:21:23Z" duration-ms="3034" status="FAIL">
          <exception class="java.lang.NullPointerException">
            <message>
              <![CDATA[Cannot invoke "org.openqa.selenium.JavascriptExecutor.executeScript(String, Object[])" because "this.jsExecutor" is null]]>
            </message>
            <full-stacktrace>
              <![CDATA[java.lang.NullPointerException: Cannot invoke "org.openqa.selenium.JavascriptExecutor.executeScript(String, Object[])" because "this.jsExecutor" is null
at webdriver.Topic_20_Wait_Page_Ready.TC_02_Blog_Page_Ready(Topic_20_Wait_Page_Ready.java:61)
at java.base/jdk.internal.reflect.NativeMethodAccessorImpl.invoke0(Native Method)
at java.base/jdk.internal.reflect.NativeMethodAccessorImpl.invoke(NativeMethodAccessorImpl.java:77)
at java.base/jdk.internal.reflect.DelegatingMethodAccessorImpl.invoke(DelegatingMethodAccessorImpl.java:43)
at java.base/java.lang.reflect.Method.invoke(Method.java:568)
at org.testng.internal.MethodInvocationHelper.invokeMethod(MethodInvocationHelper.java:124)
at org.testng.internal.Invoker.invokeMethod(Invoker.java:583)
at org.testng.internal.Invoker.invokeTestMethod(Invoker.java:719)
at org.testng.internal.Invoker.invokeTestMethods(Invoker.java:989)
at org.testng.internal.TestMethodWorker.invokeTestMethods(TestMethodWorker.java:125)
at org.testng.internal.TestMethodWorker.run(TestMethodWorker.java:109)
at org.testng.TestRunner.privateRun(TestRunner.java:648)
at org.testng.TestRunner.run(TestRunner.java:505)
at org.testng.SuiteRunner.runTest(SuiteRunner.java:455)
at org.testng.SuiteRunner.runSequentially(SuiteRunner.java:450)
at org.testng.SuiteRunner.privateRun(SuiteRunner.java:415)
at org.testng.SuiteRunner.run(SuiteRunner.java:364)
at org.testng.SuiteRunnerWorker.runSuite(SuiteRunnerWorker.java:52)
at org.testng.SuiteRunnerWorker.run(SuiteRunnerWorker.java:84)
at org.testng.TestNG.runSuitesSequentially(TestNG.java:1208)
at org.testng.TestNG.runSuitesLocally(TestNG.java:1137)
at org.testng.TestNG.runSuites(TestNG.java:1049)
at org.testng.TestNG.run(TestNG.java:1017)
at org.testng.remote.AbstractRemoteTestNG.run(AbstractRemoteTestNG.java:115)
at org.testng.remote.RemoteTestNG.initAndRun(RemoteTestNG.java:251)
at org.testng.remote.RemoteTestNG.main(RemoteTestNG.java:77)
]]>
            </full-stacktrace>
          </exception> <!-- java.lang.NullPointerException -->
          <reporter-output>
          </reporter-output>
        </test-method> <!-- TC_02_Blog_Page_Ready -->
        <test-method is-config="true" signature="afterClass()[pri:0, instance:webdriver.Topic_20_Wait_Page_Ready@4b168fa9]" started-at="2022-06-11T09:21:23Z" name="afterClass" finished-at="2022-06-11T09:21:23Z" duration-ms="132" status="PASS">
          <reporter-output>
          </reporter-output>
        </test-method> <!-- afterClass -->
      </class> <!-- webdriver.Topic_20_Wait_Page_Ready -->
    </test> <!-- Default test -->
  </suite> <!-- Default suite -->
</testng-results>
