<?xml version="1.0" encoding="UTF-8"?>
<testng-results ignored="0" total="3" passed="3" failed="0" skipped="0">
  <reporter-output>
  </reporter-output>
  <suite started-at="2022-02-24T17:02:46Z" name="Default suite" finished-at="2022-02-24T17:02:52Z" duration-ms="6269">
    <groups>
    </groups>
    <test started-at="2022-02-24T17:02:46Z" name="Default test" finished-at="2022-02-24T17:02:52Z" duration-ms="6269">
      <class name="webdriver.Topic_01_Check_Environment">
        <test-method is-config="true" signature="beforeClass()[pri:0, instance:webdriver.Topic_01_Check_Environment@2d9d4f9d]" started-at="2022-02-24T17:02:46Z" name="beforeClass" finished-at="2022-02-24T17:02:51Z" duration-ms="5275" status="PASS">
          <reporter-output>
          </reporter-output>
        </test-method> <!-- beforeClass -->
        <test-method signature="TC_01_ValidateCurrentUrl()[pri:0, instance:webdriver.Topic_01_Check_Environment@2d9d4f9d]" started-at="2022-02-24T17:02:51Z" name="TC_01_ValidateCurrentUrl" finished-at="2022-02-24T17:02:51Z" duration-ms="10" status="PASS">
          <reporter-output>
          </reporter-output>
        </test-method> <!-- TC_01_ValidateCurrentUrl -->
        <test-method signature="TC_02_ValidatePageTitle()[pri:0, instance:webdriver.Topic_01_Check_Environment@2d9d4f9d]" started-at="2022-02-24T17:02:51Z" name="TC_02_ValidatePageTitle" finished-at="2022-02-24T17:02:51Z" duration-ms="4" status="PASS">
          <reporter-output>
          </reporter-output>
        </test-method> <!-- TC_02_ValidatePageTitle -->
        <test-method signature="TC_03_LoginFormDisplayed()[pri:0, instance:webdriver.Topic_01_Check_Environment@2d9d4f9d]" started-at="2022-02-24T17:02:51Z" name="TC_03_LoginFormDisplayed" finished-at="2022-02-24T17:02:51Z" duration-ms="74" status="PASS">
          <reporter-output>
          </reporter-output>
        </test-method> <!-- TC_03_LoginFormDisplayed -->
        <test-method is-config="true" signature="afterClass()[pri:0, instance:webdriver.Topic_01_Check_Environment@2d9d4f9d]" started-at="2022-02-24T17:02:51Z" name="afterClass" finished-at="2022-02-24T17:02:52Z" duration-ms="884" status="PASS">
          <reporter-output>
          </reporter-output>
        </test-method> <!-- afterClass -->
      </class> <!-- webdriver.Topic_01_Check_Environment -->
    </test> <!-- Default test -->
  </suite> <!-- Default suite -->
</testng-results>
